[ 2025-05-22 23:56:18,575 ] 1025 httpx - INFO - HTTP Request: GET https://dagshub.com/api/v1/user "HTTP/1.1 200 OK" 
[ 2025-05-22 23:56:18,587 ] 107 dagshub - INFO - Accessing as GowthamPugalenthi06 
[ 2025-05-22 23:56:19,031 ] 1025 httpx - INFO - HTTP Request: GET https://dagshub.com/api/v1/repos/GowthamPugalenthi06/networksecurity "HTTP/1.1 200 OK" 
[ 2025-05-22 23:56:19,464 ] 1025 httpx - INFO - HTTP Request: GET https://dagshub.com/api/v1/user "HTTP/1.1 200 OK" 
[ 2025-05-22 23:56:19,468 ] 107 dagshub - INFO - Initialized MLflow to track repo "GowthamPugalenthi06/networksecurity" 
[ 2025-05-22 23:56:19,477 ] 107 dagshub - INFO - Repository GowthamPugalenthi06/networksecurity initialized! 
[ 2025-05-22 23:56:36,649 ] 40 root - INFO - Start data Ingestion 
[ 2025-05-22 23:56:54,381 ] 65 root - INFO - Performed train test split on the dataframe 
[ 2025-05-22 23:56:54,381 ] 67 root - INFO - Exited split_data_as_train_test method of Data_Ingestion class 
[ 2025-05-22 23:56:54,382 ] 75 root - INFO - Exporting train and test file path. 
[ 2025-05-22 23:56:54,584 ] 84 root - INFO - Exported train and test file path. 
[ 2025-05-22 23:56:54,585 ] 43 root - INFO - Data Ingestion completed and artifact: DataIngestionArtifact(trained_file_path='Artifacts\\05_22_2025_23_56_11\\data_ingestion\\ingested\\train.csv', test_file_path='Artifacts\\05_22_2025_23_56_11\\data_ingestion\\ingested\\test.csv') 
[ 2025-05-22 23:56:54,599 ] 53 root - INFO - Initiate the data Validation 
[ 2025-05-22 23:56:54,702 ] 32 root - INFO - Required number of columns:2 
[ 2025-05-22 23:56:54,702 ] 33 root - INFO - Data frame has columns:31 
[ 2025-05-22 23:56:54,702 ] 32 root - INFO - Required number of columns:2 
[ 2025-05-22 23:56:54,702 ] 33 root - INFO - Data frame has columns:31 
[ 2025-05-22 23:56:55,194 ] 63 root - INFO - Entered initiate_data_transformation method of DataTransformation class 
[ 2025-05-22 23:56:55,195 ] 65 root - INFO - Starting data transformation 
[ 2025-05-22 23:56:55,252 ] 48 root - INFO - Entered get_data_trnasformer_object method of Trnasformation class 
[ 2025-05-22 23:56:55,252 ] 53 root - INFO - Initialise KNNImputer with {'missing_values': nan, 'n_neighbors': 3, 'weights': 'uniform'} 
[ 2025-05-22 23:56:55,276 ] 46 root - INFO - Entered the save_object method of MainUtils class 
[ 2025-05-22 23:56:55,282 ] 50 root - INFO - Exited the save_object method of MainUtils class 
[ 2025-05-22 23:56:55,283 ] 46 root - INFO - Entered the save_object method of MainUtils class 
[ 2025-05-22 23:56:55,288 ] 50 root - INFO - Exited the save_object method of MainUtils class 
[ 2025-05-23 00:09:53,633 ] 46 root - INFO - Entered the save_object method of MainUtils class 
[ 2025-05-23 00:09:53,634 ] 50 root - INFO - Exited the save_object method of MainUtils class 
[ 2025-05-23 00:09:53,635 ] 46 root - INFO - Entered the save_object method of MainUtils class 
[ 2025-05-23 00:09:53,723 ] 50 root - INFO - Exited the save_object method of MainUtils class 
[ 2025-05-23 00:09:53,723 ] 150 root - INFO - Model trainer artifact: ModelTrainerArtifact(trained_model_file_path='Artifacts\\05_22_2025_23_56_11\\model_trainer\\trained_model\\model.pkl', train_metric_artifact=ClassificationMetricArtifact(f1_score=0.9909472513022809, precision_score=0.988497628897185, recall_score=0.9934090448184952), test_metric_artifact=ClassificationMetricArtifact(f1_score=0.9880008135041692, precision_score=0.9853955375253549, recall_score=0.9906199021207178)) 
